C:\Program Files (x86)\Microsoft Visual Studio\2019\Community\MSBuild\Microsoft\VC\v160\Microsoft.CppBuild.targets(445,5): warning MSB8004: Output Directory does not end with a trailing slash.  This build instance will add the slash as it is required to allow proper evaluation of the Output Directory.
  CCharacter.cpp
D:\GraphicsWorkspace\CG_Assignment3-1\Assignment3-1\Project1\CCharacter.h(24,39): warning C4244: '초기화 중': 'ULONGLONG'에서 'long'(으)로 변환하면서 데이터가 손실될 수 있습니다.
D:\GraphicsWorkspace\CG_Assignment3-1\Assignment3-1\Project1\CCharacter.cpp(21,84): warning C4244: '+=': 'double'에서 'float'(으)로 변환하면서 데이터가 손실될 수 있습니다.
D:\GraphicsWorkspace\CG_Assignment3-1\Assignment3-1\Project1\CCharacter.cpp(24,88): warning C4244: '+=': 'double'에서 'float'(으)로 변환하면서 데이터가 손실될 수 있습니다.
D:\GraphicsWorkspace\CG_Assignment3-1\Assignment3-1\Project1\CCharacter.cpp(34,29): warning C4305: '인수': 'double'에서 'GLfloat'(으)로 잘립니다.
D:\GraphicsWorkspace\CG_Assignment3-1\Assignment3-1\Project1\CCharacter.cpp(48,30): warning C4305: '인수': 'double'에서 'GLfloat'(으)로 잘립니다.
D:\GraphicsWorkspace\CG_Assignment3-1\Assignment3-1\Project1\CCharacter.cpp(66,29): warning C4305: '인수': 'double'에서 'GLfloat'(으)로 잘립니다.
D:\GraphicsWorkspace\CG_Assignment3-1\Assignment3-1\Project1\CCharacter.cpp(78,29): warning C4305: '인수': 'double'에서 'GLfloat'(으)로 잘립니다.
D:\GraphicsWorkspace\CG_Assignment3-1\Assignment3-1\Project1\CCharacter.cpp(104,30): warning C4305: '인수': 'double'에서 'GLfloat'(으)로 잘립니다.
D:\GraphicsWorkspace\CG_Assignment3-1\Assignment3-1\Project1\CCharacter.cpp(130,33): warning C4244: '=': 'ULONGLONG'에서 'long'(으)로 변환하면서 데이터가 손실될 수 있습니다.
D:\GraphicsWorkspace\CG_Assignment3-1\Assignment3-1\Project1\CCharacter.cpp(132,19): warning C4244: '=': 'long'에서 'float'(으)로 변환하면서 데이터가 손실될 수 있습니다.
D:\GraphicsWorkspace\CG_Assignment3-1\Assignment3-1\Project1\CCharacter.cpp(136,35): warning C4244: '=': 'ULONGLONG'에서 'long'(으)로 변환하면서 데이터가 손실될 수 있습니다.
D:\GraphicsWorkspace\CG_Assignment3-1\Assignment3-1\Project1\CCharacter.cpp(138,21): warning C4244: '=': 'long'에서 'float'(으)로 변환하면서 데이터가 손실될 수 있습니다.
D:\GraphicsWorkspace\CG_Assignment3-1\Assignment3-1\Project1\CCharacter.cpp(149,30): warning C4305: '인수': 'double'에서 'GLfloat'(으)로 잘립니다.
D:\GraphicsWorkspace\CG_Assignment3-1\Assignment3-1\Project1\CCharacter.cpp(162,31): warning C4305: '인수': 'double'에서 'GLfloat'(으)로 잘립니다.
D:\GraphicsWorkspace\CG_Assignment3-1\Assignment3-1\Project1\CCharacter.cpp(193,29): warning C4305: '인수': 'double'에서 'GLfloat'(으)로 잘립니다.
D:\GraphicsWorkspace\CG_Assignment3-1\Assignment3-1\Project1\CCharacter.cpp(206,29): warning C4305: '인수': 'double'에서 'GLfloat'(으)로 잘립니다.
  CSound.cpp
  CWall.cpp
D:\GraphicsWorkspace\CG_Assignment3-1\Assignment3-1\Project1\CWall.cpp(28,26): warning C4244: '인수': 'double'에서 'GLfloat'(으)로 변환하면서 데이터가 손실될 수 있습니다.
D:\GraphicsWorkspace\CG_Assignment3-1\Assignment3-1\Project1\CWall.cpp(32,29): warning C4305: '인수': 'double'에서 'GLfloat'(으)로 잘립니다.
D:\GraphicsWorkspace\CG_Assignment3-1\Assignment3-1\Project1\CWall.cpp(35,30): warning C4305: '인수': 'double'에서 'GLfloat'(으)로 잘립니다.
D:\GraphicsWorkspace\CG_Assignment3-1\Assignment3-1\Project1\CWall.cpp(42,29): warning C4305: '인수': 'double'에서 'GLfloat'(으)로 잘립니다.
D:\GraphicsWorkspace\CG_Assignment3-1\Assignment3-1\Project1\CWall.cpp(45,30): warning C4305: '인수': 'double'에서 'GLfloat'(으)로 잘립니다.
D:\GraphicsWorkspace\CG_Assignment3-1\Assignment3-1\Project1\CWall.cpp(62,30): warning C4305: '인수': 'double'에서 'GLfloat'(으)로 잘립니다.
D:\GraphicsWorkspace\CG_Assignment3-1\Assignment3-1\Project1\CWall.cpp(79,28): warning C4305: '인수': 'double'에서 'GLfloat'(으)로 잘립니다.
D:\GraphicsWorkspace\CG_Assignment3-1\Assignment3-1\Project1\CWall.cpp(82,30): warning C4305: '인수': 'double'에서 'GLfloat'(으)로 잘립니다.
D:\GraphicsWorkspace\CG_Assignment3-1\Assignment3-1\Project1\CWall.cpp(97,28): warning C4305: '인수': 'double'에서 'GLfloat'(으)로 잘립니다.
D:\GraphicsWorkspace\CG_Assignment3-1\Assignment3-1\Project1\CWall.cpp(100,30): warning C4305: '인수': 'double'에서 'GLfloat'(으)로 잘립니다.
  game.cpp
D:\GraphicsWorkspace\CG_Assignment3-1\Assignment3-1\Project1\CCharacter.h(24,39): warning C4244: '초기화 중': 'ULONGLONG'에서 'long'(으)로 변환하면서 데이터가 손실될 수 있습니다.
D:\GraphicsWorkspace\CG_Assignment3-1\Assignment3-1\Project1\game.h(18,33): warning C4305: '인수': 'double'에서 'float'(으)로 잘립니다.
D:\GraphicsWorkspace\CG_Assignment3-1\Assignment3-1\Project1\game.h(19,31): warning C4305: '인수': 'double'에서 'float'(으)로 잘립니다.
D:\GraphicsWorkspace\CG_Assignment3-1\Assignment3-1\Project1\game.h(34,26): warning C4305: '초기화 중': 'double'에서 'float'(으)로 잘립니다.
D:\GraphicsWorkspace\CG_Assignment3-1\Assignment3-1\Project1\game.cpp(21,33): warning C4244: '=': 'ULONGLONG'에서 'int'(으)로 변환하면서 데이터가 손실될 수 있습니다.
D:\GraphicsWorkspace\CG_Assignment3-1\Assignment3-1\Project1\game.cpp(32,29): warning C4305: '인수': 'double'에서 'GLfloat'(으)로 잘립니다.
D:\GraphicsWorkspace\CG_Assignment3-1\Assignment3-1\Project1\game.cpp(41,24): warning C4305: '+=': 'double'에서 'float'(으)로 잘립니다.
D:\GraphicsWorkspace\CG_Assignment3-1\Assignment3-1\Project1\game.cpp(101,31): warning C4244: '=': 'ULONGLONG'에서 'int'(으)로 변환하면서 데이터가 손실될 수 있습니다.
D:\GraphicsWorkspace\CG_Assignment3-1\Assignment3-1\Project1\game.cpp(198,22): warning C4305: '인수': 'double'에서 'float'(으)로 잘립니다.
D:\GraphicsWorkspace\CG_Assignment3-1\Assignment3-1\Project1\game.cpp(206,35): warning C4244: '인수': 'double'에서 'float'(으)로 변환하면서 데이터가 손실될 수 있습니다.
D:\GraphicsWorkspace\CG_Assignment3-1\Assignment3-1\Project1\game.cpp(236,21): warning C4305: '인수': 'double'에서 'float'(으)로 잘립니다.
D:\GraphicsWorkspace\CG_Assignment3-1\Assignment3-1\Project1\game.cpp(248,31): warning C4305: '인수': 'double'에서 'float'(으)로 잘립니다.
D:\GraphicsWorkspace\CG_Assignment3-1\Assignment3-1\Project1\game.cpp(313,32): warning C4244: '=': 'ULONGLONG'에서 'int'(으)로 변환하면서 데이터가 손실될 수 있습니다.
  코드를 생성하고 있습니다...
  Project1.vcxproj -> D:\GraphicsWorkspace\CG_Assignment3-1\Assignment3-1\Project1\bin\x86\Assignment1.exe
